<?xml version="1.0" encoding="UTF-8"?>
<!-- Generated by org.testng.reporters.JUnitXMLReporter -->
<testsuite ignored="0" hostname="DESKTOP-VEPLKH6" failures="0" tests="3" name="Default test" time="3.365" errors="0" timestamp="2024-02-05T19:35:34 IST">
  <testcase classname="Com.EC.TestCases.IndexTest" name="validatelogo" time="0.203"/>
  <testcase classname="Com.EC.TestCases.IndexTest" name="validateserachBox" time="1.55"/>
  <testcase classname="Com.EC.TestCases.LoginTest" name="verifyLogin" time="1.372"/>
</testsuite> <!-- Default test -->
