<?xml version="1.0" encoding="UTF-8"?>
<!-- Generated by org.testng.reporters.JUnitXMLReporter -->
<testsuite ignored="0" hostname="DESKTOP-VEPLKH6" failures="0" tests="8" name="Test1" time="33.416" errors="0" timestamp="2024-02-06T18:50:28 IST">
  <testcase classname="Com.EC.Base.BaseTest" name="init" time="9.92"/>
  <testcase classname="Com.EC.Base.BaseTest" name="init" time="10.527"/>
  <testcase classname="Com.EC.TestCases.IndexTest" name="validatelogo" time="0.089"/>
  <testcase classname="Com.EC.TestCases.IndexTest" name="validateserachBox" time="1.655"/>
  <testcase classname="Com.EC.TestCases.LoginTest" name="verifyLogin" time="1.36"/>
  <testcase classname="Com.EC.Base.BaseTest" name="init" time="8.113"/>
  <testcase classname="Com.EC.TestCases.IndexTest" name="validatelogo" time="0.052"/>
  <testcase classname="Com.EC.TestCases.IndexTest" name="validateserachBox" time="1.617"/>
</testsuite> <!-- Test1 -->
